1677364424207	geckodriver	INFO	Listening on 127.0.0.1:51755
1677364424265	mozrunner::runner	INFO	Running command: "/usr/bin/firefox" "--marionette" "--headless" "--remote-debugging-port" "39485" "--remote-allow-hosts" "localhost" "-no-remote" "-profile" "/tmp/rust_mozprofiledYG1mW"
*** You are running in headless mode.
[GFX1-]: glxtest: Unable to open a connection to the X server
[GFX1-]: glxtest: libEGL initialize failed
1677364428940	Marionette	INFO	Marionette enabled
1677364428948	Marionette	INFO	Listening on port 38823
WebDriver BiDi listening on ws://localhost:39485
Read port: 38823
1677364429937	RemoteAgent	WARN	TLS certificate errors will be ignored for this session
[GFX1-]: RenderCompositorSWGL failed mapping default framebuffer, no dt
console.warn: SearchSettings: "get: No settings file exists, new profile?" (new NotFoundError("Could not open the file at /tmp/rust_mozprofiledYG1mW/search.json.mozlz4", (void 0)))
Missing chrome or resource URL: resource://gre/modules/UpdateListener.jsm
Missing chrome or resource URL: resource://gre/modules/UpdateListener.sys.mjs
DevTools listening on ws://localhost:39485/devtools/browser/b42f44f3-449a-4b91-82b2-a839a13deac5
console.warn: LoginRecipes: "getRecipes: falling back to a synchronous message for:" "https://pt1.savefrom.net"
Exiting due to channel error.
Exiting due to channel error.
Exiting due to channel error.
Exiting due to channel error.
Exiting due to channel error.
1677364526259	geckodriver	INFO	Listening on 127.0.0.1:57895
1677364526297	mozrunner::runner	INFO	Running command: "/usr/bin/firefox" "--marionette" "--headless" "--remote-debugging-port" "41041" "--remote-allow-hosts" "localhost" "-no-remote" "-profile" "/tmp/rust_mozprofileVbaQG8"
*** You are running in headless mode.
[GFX1-]: glxtest: Unable to open a connection to the X server
[GFX1-]: glxtest: libEGL initialize failed
1677364528724	Marionette	INFO	Marionette enabled
1677364528730	Marionette	INFO	Listening on port 37169
WebDriver BiDi listening on ws://localhost:41041
Read port: 37169
1677364529408	RemoteAgent	WARN	TLS certificate errors will be ignored for this session
[GFX1-]: RenderCompositorSWGL failed mapping default framebuffer, no dt
console.warn: SearchSettings: "get: No settings file exists, new profile?" (new NotFoundError("Could not open the file at /tmp/rust_mozprofileVbaQG8/search.json.mozlz4", (void 0)))
Missing chrome or resource URL: resource://gre/modules/UpdateListener.jsm
Missing chrome or resource URL: resource://gre/modules/UpdateListener.sys.mjs
DevTools listening on ws://localhost:41041/devtools/browser/5845106f-608a-4c0e-be27-a1851e2163f0
console.warn: LoginRecipes: "getRecipes: falling back to a synchronous message for:" "https://pt1.savefrom.net"
Exiting due to channel error.
Exiting due to channel error.
Exiting due to channel error.
Exiting due to channel error.
Exiting due to channel error.
1677364605291	geckodriver	INFO	Listening on 127.0.0.1:34275
1677364605838	mozrunner::runner	INFO	Running command: "/usr/bin/firefox" "--marionette" "--headless" "--remote-debugging-port" "35399" "--remote-allow-hosts" "localhost" "-no-remote" "-profile" "/tmp/rust_mozprofilezYYto2"
*** You are running in headless mode.
[GFX1-]: glxtest: Unable to open a connection to the X server
[GFX1-]: glxtest: libEGL initialize failed
1677364608374	Marionette	INFO	Marionette enabled
1677364608381	Marionette	INFO	Listening on port 42821
WebDriver BiDi listening on ws://localhost:35399
Read port: 42821
1677364609319	RemoteAgent	WARN	TLS certificate errors will be ignored for this session
[GFX1-]: RenderCompositorSWGL failed mapping default framebuffer, no dt
console.warn: SearchSettings: "get: No settings file exists, new profile?" (new NotFoundError("Could not open the file at /tmp/rust_mozprofilezYYto2/search.json.mozlz4", (void 0)))
Missing chrome or resource URL: resource://gre/modules/UpdateListener.jsm
Missing chrome or resource URL: resource://gre/modules/UpdateListener.sys.mjs
DevTools listening on ws://localhost:35399/devtools/browser/3dd21933-7b3f-417f-8f23-73ec43927841
console.warn: LoginRecipes: "getRecipes: falling back to a synchronous message for:" "https://pt1.savefrom.net"
Exiting due to channel error.
Exiting due to channel error.
Exiting due to channel error.
Exiting due to channel error.
[GFX1-]: Receive IPC close with reason=AbnormalShutdown
Exiting due to channel error.
1677365139826	geckodriver	INFO	Listening on 127.0.0.1:40797
1677365140354	mozrunner::runner	INFO	Running command: "/usr/bin/firefox" "--marionette" "--headless" "--remote-debugging-port" "42641" "--remote-allow-hosts" "localhost" "-no-remote" "-profile" "/tmp/rust_mozprofilefKDnBg"
*** You are running in headless mode.
[GFX1-]: glxtest: Unable to open a connection to the X server
[GFX1-]: glxtest: libEGL initialize failed
1677365142750	Marionette	INFO	Marionette enabled
1677365142757	Marionette	INFO	Listening on port 35249
Read port: 35249
WebDriver BiDi listening on ws://localhost:42641
1677365143575	RemoteAgent	WARN	TLS certificate errors will be ignored for this session
[GFX1-]: RenderCompositorSWGL failed mapping default framebuffer, no dt
console.warn: SearchSettings: "get: No settings file exists, new profile?" (new NotFoundError("Could not open the file at /tmp/rust_mozprofilefKDnBg/search.json.mozlz4", (void 0)))
Missing chrome or resource URL: resource://gre/modules/UpdateListener.jsm
Missing chrome or resource URL: resource://gre/modules/UpdateListener.sys.mjs
DevTools listening on ws://localhost:42641/devtools/browser/b707a464-a99a-43cd-a42e-7bc968facd59
console.warn: LoginRecipes: "getRecipes: falling back to a synchronous message for:" "https://pt1.savefrom.net"
Exiting due to channel error.
Exiting due to channel error.
Exiting due to channel error.
Exiting due to channel error.
Exiting due to channel error.
