2022-08-26 11:42:22,554 Started connection with database (server) OK
2022-08-26 11:42:22,582 Started connection with database (server) OK
2022-08-26 11:42:22,936 [CC] Added/Incremented coffee countage of user 986681071565430804
2022-08-26 11:42:22,938 Dispatching event socket_raw_receive
2022-08-26 11:42:22,938 For Shard ID None: WebSocket Event: {'t': 'MESSAGE_CREATE', 's': 6, 'op': 0, 'd': {'type': 0, 'tts': False, 'timestamp': '2022-08-26T14:42:22.471000+00:00', 'referenced_message': None, 'pinned': False, 'mentions': [{'username': 'tampinha', 'public_flags': 64, 'member': {'roles': ['885977356966170624', '806291396541153381', '802212596705919016', '961327115708530728', '859921656012603402', '807817974043115531', '930596887042588764', '910313743903260722', '828759567516303380', '801855000686493716', '930612209028042842', '885270721402662972'], 'premium_since': None, 'pending': False, 'nick': 'zé do barulho', 'mute': False, 'joined_at': '2022-06-15T18:43:00.703000+00:00', 'flags': 0, 'deaf': False, 'communication_disabled_until': None, 'avatar': None}, 'id': '986681071565430804', 'discriminator': '5789', 'avatar_decoration': None, 'avatar': '0485e6e7458831980258e56ac9431b7f'}], 'mention_roles': [], 'mention_everyone': False, 'member': {'roles': ['788420012825903144', '887794027234205827'], 'premium_since': None, 'pending': False, 'nick': 'Moderador mais confiavel', 'mute': False, 'joined_at': '2021-09-15T20:16:30.544000+00:00', 'flags': 0, 'deaf': True, 'communication_disabled_until': None, 'avatar': None}, 'id': '1012733753304555591', 'flags': 0, 'embeds': [], 'edited_timestamp': None, 'content': '<@986681071565430804>, você ganhou créditos sociais suficientes para o **nível 10!** 🥳', 'components': [], 'channel_id': '816082050360016936', 'author': {'username': 'ProBot ✨', 'public_flags': 65536, 'id': '282859044593598464', 'discriminator': '5803', 'bot': True, 'avatar_decoration': None, 'avatar': '156a0d2872579f1ffcaa5d2127239bfd'}, 'attachments': [], 'guild_id': '690623958717825105'}}
2022-08-26 11:42:22,938 Dispatching event socket_response
2022-08-26 11:42:22,938 Dispatching event message
2022-08-26 11:42:22,961 Started connection with database (server) OK
2022-08-26 11:42:23,190 Dispatching event socket_raw_receive
2022-08-26 11:42:23,190 For Shard ID None: WebSocket Event: {'t': 'MESSAGE_CREATE', 's': 7, 'op': 0, 'd': {'type': 0, 'tts': False, 'timestamp': '2022-08-26T14:42:23.110000+00:00', 'referenced_message': None, 'pinned': False, 'mentions': [], 'mention_roles': [], 'mention_everyone': False, 'member': {'roles': ['802212596705919016', '859921656012603402', '1003692041366143149', '806291396541153381'], 'premium_since': None, 'pending': False, 'nick': None, 'mute': False, 'joined_at': '2022-08-01T15:53:50.411000+00:00', 'flags': 0, 'deaf': False, 'communication_disabled_until': None, 'avatar': None}, 'id': '1012733755984711760', 'flags': 0, 'embeds': [], 'edited_timestamp': None, 'content': 'tampinha#5789 got a coffee cup how delicious!', 'components': [], 'channel_id': '712840793743949824', 'author': {'username': 'GentchuBot', 'public_flags': 0, 'id': '1003687771615002695', 'discriminator': '3555', 'bot': True, 'avatar_decoration': None, 'avatar': 'a09b2c655b7894ee5af913aab96fd809'}, 'attachments': [], 'guild_id': '690623958717825105'}}
2022-08-26 11:42:23,190 Dispatching event socket_response
2022-08-26 11:42:23,190 Dispatching event message
2022-08-26 11:42:23,213 Started connection with database (server) OK
2022-08-26 11:42:23,279 POST https://discord.com/api/v7/channels/712840793743949824/messages with {"content":"tampinha#5789 got a coffee cup how delicious!"} has returned 200
2022-08-26 11:42:23,280 POST https://discord.com/api/v7/channels/712840793743949824/messages has received {'id': '1012733755984711760', 'type': 0, 'content': 'tampinha#5789 got a coffee cup how delicious!', 'channel_id': '712840793743949824', 'author': {'id': '1003687771615002695', 'username': 'GentchuBot', 'avatar': 'a09b2c655b7894ee5af913aab96fd809', 'avatar_decoration': None, 'discriminator': '3555', 'public_flags': 0, 'bot': True}, 'attachments': [], 'embeds': [], 'mentions': [], 'mention_roles': [], 'pinned': False, 'mention_everyone': False, 'tts': False, 'timestamp': '2022-08-26T14:42:23.110000+00:00', 'edited_timestamp': None, 'flags': 0, 'components': [], 'referenced_message': None}
2022-08-26 11:42:51,198 Keeping shard ID None websocket alive with sequence 7.
2022-08-26 11:42:51,378 Dispatching event socket_raw_receive
2022-08-26 11:42:51,378 For Shard ID None: WebSocket Event: {'t': None, 's': None, 'op': 11, 'd': None}
2022-08-26 11:42:51,378 Dispatching event socket_response
2022-08-26 11:42:54,448 Cleaning up tasks.
2022-08-26 11:42:54,448 Cleaning up after 1 tasks.
2022-08-26 11:42:54,449 All tasks finished cancelling.
2022-08-26 11:42:54,449 Closing the event loop.
